[INFO  - 2019-03-07T22:52:28.805Z] GhostDriver - Main - running on port 54519
[INFO  - 2019-03-07T22:52:29.451Z] Session [af730260-412b-11e9-977b-ad1956e3647b] - page.settings - {"XSSAuditingEnabled":false,"javascriptCanCloseWindows":true,"javascriptCanOpenWindows":true,"javascriptEnabled":true,"loadImages":true,"localToRemoteUrlAccessEnabled":false,"userAgent":"Mozilla/5.0 (Macintosh; Intel Mac OS X) AppleWebKit/538.1 (KHTML, like Gecko) PhantomJS/2.1.1 Safari/538.1","webSecurityEnabled":true}
[INFO  - 2019-03-07T22:52:29.451Z] Session [af730260-412b-11e9-977b-ad1956e3647b] - page.customHeaders:  - {}
[INFO  - 2019-03-07T22:52:29.452Z] Session [af730260-412b-11e9-977b-ad1956e3647b] - Session.negotiatedCapabilities - {"browserName":"phantomjs","version":"2.1.1","driverName":"ghostdriver","driverVersion":"1.2.0","platform":"mac-unknown-64bit","javascriptEnabled":true,"takesScreenshot":true,"handlesAlerts":false,"databaseEnabled":false,"locationContextEnabled":false,"applicationCacheEnabled":false,"browserConnectionEnabled":false,"cssSelectorsEnabled":true,"webStorageEnabled":false,"rotatable":false,"acceptSslCerts":false,"nativeEvents":true,"proxy":{"proxyType":"direct"}}
[INFO  - 2019-03-07T22:52:29.452Z] SessionManagerReqHand - _postNewSessionCommand - New Session Created: af730260-412b-11e9-977b-ad1956e3647b
[ERROR - 2019-03-07T22:52:34.512Z] Session [af730260-412b-11e9-977b-ad1956e3647b] - page.onError - msg: ReferenceError: Can't find variable: jQuery

  phantomjs://platform/console++.js:263 in error
[ERROR - 2019-03-07T22:52:34.512Z] Session [af730260-412b-11e9-977b-ad1956e3647b] - page.onError - stack:
  global code (https://www.uspto.gov/themes/custom/uspto/js/uspto-scripts.js?pny510:1)

  phantomjs://platform/console++.js:263 in error
[ERROR - 2019-03-07T22:52:34.513Z] Session [af730260-412b-11e9-977b-ad1956e3647b] - page.onError - msg: ReferenceError: Can't find variable: jQuery

  phantomjs://platform/console++.js:263 in error
[ERROR - 2019-03-07T22:52:34.513Z] Session [af730260-412b-11e9-977b-ad1956e3647b] - page.onError - stack:
  global code (https://www.uspto.gov/themes/custom/uspto/js/uspto-alerts.js?pny510:60)

  phantomjs://platform/console++.js:263 in error
[ERROR - 2019-03-07T22:52:34.513Z] Session [af730260-412b-11e9-977b-ad1956e3647b] - page.onError - msg: ReferenceError: Can't find variable: jQuery

  phantomjs://platform/console++.js:263 in error
[ERROR - 2019-03-07T22:52:34.513Z] Session [af730260-412b-11e9-977b-ad1956e3647b] - page.onError - stack:
  global code (https://www.uspto.gov/themes/custom/uspto/js/uspto-glossary.js?pny510:10)

  phantomjs://platform/console++.js:263 in error
[ERROR - 2019-03-07T22:52:34.514Z] Session [af730260-412b-11e9-977b-ad1956e3647b] - page.onError - msg: ReferenceError: Can't find variable: jQuery

  phantomjs://platform/console++.js:263 in error
[ERROR - 2019-03-07T22:52:34.514Z] Session [af730260-412b-11e9-977b-ad1956e3647b] - page.onError - stack:
  global code (https://www.uspto.gov/themes/custom/uspto/js/uspto-gallery.js?pny510:37)

  phantomjs://platform/console++.js:263 in error
[ERROR - 2019-03-07T22:52:34.514Z] Session [af730260-412b-11e9-977b-ad1956e3647b] - page.onError - msg: ReferenceError: Can't find variable: jQuery

  phantomjs://platform/console++.js:263 in error
[ERROR - 2019-03-07T22:52:34.514Z] Session [af730260-412b-11e9-977b-ad1956e3647b] - page.onError - stack:
  global code (https://www.uspto.gov/themes/custom/uspto/js/uspto-steps-menu.js?pny510:148)

  phantomjs://platform/console++.js:263 in error
[ERROR - 2019-03-07T22:52:34.514Z] Session [af730260-412b-11e9-977b-ad1956e3647b] - page.onError - msg: ReferenceError: Can't find variable: jQuery

  phantomjs://platform/console++.js:263 in error
[ERROR - 2019-03-07T22:52:34.514Z] Session [af730260-412b-11e9-977b-ad1956e3647b] - page.onError - stack:
  global code (https://www.uspto.gov/themes/custom/uspto/js/uspto-section-landing.js?pny510:44)

  phantomjs://platform/console++.js:263 in error
[ERROR - 2019-03-07T22:52:34.515Z] Session [af730260-412b-11e9-977b-ad1956e3647b] - page.onError - msg: ReferenceError: Can't find variable: jQuery

  phantomjs://platform/console++.js:263 in error
[ERROR - 2019-03-07T22:52:34.515Z] Session [af730260-412b-11e9-977b-ad1956e3647b] - page.onError - stack:
  global code (https://www.uspto.gov/themes/custom/uspto/js/jquery.pajinate.js?pny510:328)

  phantomjs://platform/console++.js:263 in error
[ERROR - 2019-03-07T22:52:34.516Z] Session [af730260-412b-11e9-977b-ad1956e3647b] - page.onError - msg: ReferenceError: Can't find variable: jQuery

  phantomjs://platform/console++.js:263 in error
[ERROR - 2019-03-07T22:52:34.516Z] Session [af730260-412b-11e9-977b-ad1956e3647b] - page.onError - stack:
  global code (https://www.uspto.gov/sites/default/files/js/js_6cEenTbCAUEW6v2ZjEAjnhh_S9vs1g19UdBbpdd_cgE.js:221)

  phantomjs://platform/console++.js:263 in error
[INFO  - 2019-03-07T22:57:28.796Z] SessionManagerReqHand - _cleanupWindowlessSessions - Asynchronous Sessions clean-up phase starting NOW
[INFO  - 2019-03-07T23:02:28.790Z] SessionManagerReqHand - _cleanupWindowlessSessions - Asynchronous Sessions clean-up phase starting NOW
[INFO  - 2019-03-07T23:07:28.786Z] SessionManagerReqHand - _cleanupWindowlessSessions - Asynchronous Sessions clean-up phase starting NOW
[INFO  - 2019-03-07T23:12:28.797Z] SessionManagerReqHand - _cleanupWindowlessSessions - Asynchronous Sessions clean-up phase starting NOW
[INFO  - 2019-03-07T23:17:28.792Z] SessionManagerReqHand - _cleanupWindowlessSessions - Asynchronous Sessions clean-up phase starting NOW
[INFO  - 2019-03-07T23:22:28.785Z] SessionManagerReqHand - _cleanupWindowlessSessions - Asynchronous Sessions clean-up phase starting NOW
[INFO  - 2019-03-07T23:27:28.780Z] SessionManagerReqHand - _cleanupWindowlessSessions - Asynchronous Sessions clean-up phase starting NOW
[INFO  - 2019-03-07T23:32:29.622Z] SessionManagerReqHand - _cleanupWindowlessSessions - Asynchronous Sessions clean-up phase starting NOW
[INFO  - 2019-03-07T23:32:29.622Z] SessionManagerReqHand - _cleanupWindowlessSessions - Deleted Session 'af730260-412b-11e9-977b-ad1956e3647b', because windowless
events.js:141
      throw er; // Unhandled 'error' event
      ^

Error: read EIO
    at exports._errnoException (util.js:870:11)
    at TTY.onread (net.js:552:26)
