1494343624672	geckodriver	INFO	Listening on 127.0.0.1:50205
1494343625861	geckodriver::marionette	INFO	Starting browser /Applications/Firefox.app/Contents/MacOS/firefox-bin with args ["-marionette"]
2017-05-09 09:27:10.425 firefox-bin[878:30744] CFPropertyListCreateFromXMLData(): Old-style plist parser: missing semicolon in dictionary on line 3. Parsing will be abandoned. Break on _CFPropertyListMissingSemicolon to debug.
2017-05-09 09:27:10.426 firefox-bin[878:30744] CFPropertyListCreateFromXMLData(): Old-style plist parser: missing semicolon in dictionary on line 3. Parsing will be abandoned. Break on _CFPropertyListMissingSemicolon to debug.
2017-05-09 09:27:10.426 firefox-bin[878:30744] CFPropertyListCreateFromXMLData(): Old-style plist parser: missing semicolon in dictionary on line 3. Parsing will be abandoned. Break on _CFPropertyListMissingSemicolon to debug.
2017-05-09 09:27:10.427 firefox-bin[878:30744] CFPropertyListCreateFromXMLData(): Old-style plist parser: missing semicolon in dictionary on line 3. Parsing will be abandoned. Break on _CFPropertyListMissingSemicolon to debug.
2017-05-09 09:27:10.428 firefox-bin[878:30744] CFPropertyListCreateFromXMLData(): Old-style plist parser: missing semicolon in dictionary on line 3. Parsing will be abandoned. Break on _CFPropertyListMissingSemicolon to debug.
1494343635870	Marionette	INFO	Listening on port 50219
1494343636124	Marionette	WARN	TLS certificate errors will be ignored for this session
2017-05-09 09:27:18.527 plugin-container[881:30924] *** CFMessagePort: bootstrap_register(): failed 1100 (0x44c) 'Permission denied', port = 0x8d3f, name = 'com.apple.tsm.portname'
See /usr/include/servers/bootstrap_defs.h for the error codes.
2017-05-09 09:27:18.538 plugin-container[881:30924] *** CFMessagePort: bootstrap_register(): failed 1100 (0x44c) 'Permission denied', port = 0x8e47, name = 'com.apple.CFPasteboardClient'
See /usr/include/servers/bootstrap_defs.h for the error codes.
2017-05-09 09:27:18.539 plugin-container[881:30924] void __CFPasteboardSetup() : Failed to allocate communication port for com.apple.CFPasteboardClient; this is likely due to sandbox restrictions
JavaScript warning: http://ajax.googleapis.com/ajax/libs/jquery/1.10.2/jquery.min.js, line 1: Using //@ to indicate sourceMappingURL pragmas is deprecated. Use //# instead
JavaScript warning: http://www.wipo.int/branddb/scripts/branddb-required.5729.min.js, line 81: unreachable code after return statement
JavaScript warning: http://ajax.googleapis.com/ajax/libs/jquery/1.10.2/jquery.min.js, line 1: Using //@ to indicate sourceMappingURL pragmas is deprecated. Use //# instead
JavaScript warning: http://www.wipo.int/branddb/scripts/branddb-required.5729.min.js, line 81: unreachable code after return statement
JavaScript warning: http://ajax.googleapis.com/ajax/libs/jquery/1.10.2/jquery.min.js, line 1: Using //@ to indicate sourceMappingURL pragmas is deprecated. Use //# instead
JavaScript warning: http://www.wipo.int/branddb/scripts/branddb-required.5729.min.js, line 81: unreachable code after return statement
JavaScript warning: http://ajax.googleapis.com/ajax/libs/jquery/1.10.2/jquery.min.js, line 1: Using //@ to indicate sourceMappingURL pragmas is deprecated. Use //# instead
JavaScript warning: http://www.wipo.int/branddb/scripts/branddb-required.5729.min.js, line 81: unreachable code after return statement
JavaScript warning: http://ajax.googleapis.com/ajax/libs/jquery/1.10.2/jquery.min.js, line 1: Using //@ to indicate sourceMappingURL pragmas is deprecated. Use //# instead
JavaScript warning: http://www.wipo.int/branddb/scripts/branddb-required.5729.min.js, line 81: unreachable code after return statement
JavaScript warning: http://ajax.googleapis.com/ajax/libs/jquery/1.10.2/jquery.min.js, line 1: Using //@ to indicate sourceMappingURL pragmas is deprecated. Use //# instead
JavaScript warning: http://www.wipo.int/branddb/scripts/branddb-required.5729.min.js, line 81: unreachable code after return statement
IPDL protocol error: Handler returned error code!

###!!! [Parent][DispatchAsyncMessage] Error: PLayerTransaction::Msg_ReleaseLayer Processing error: message was deserialized, but the handler returned false (indicating failure)

IPDL protocol error: Handler returned error code!

###!!! [Parent][DispatchAsyncMessage] Error: PLayerTransaction::Msg_ReleaseLayer Processing error: message was deserialized, but the handler returned false (indicating failure)

1494345215718	geckodriver	INFO	Listening on 127.0.0.1:55749
1494345216888	geckodriver::marionette	INFO	Starting browser /Applications/Firefox.app/Contents/MacOS/firefox-bin with args ["-marionette"]
2017-05-09 09:53:41.521 firefox-bin[1082:41952] CFPropertyListCreateFromXMLData(): Old-style plist parser: missing semicolon in dictionary on line 3. Parsing will be abandoned. Break on _CFPropertyListMissingSemicolon to debug.
2017-05-09 09:53:41.522 firefox-bin[1082:41952] CFPropertyListCreateFromXMLData(): Old-style plist parser: missing semicolon in dictionary on line 3. Parsing will be abandoned. Break on _CFPropertyListMissingSemicolon to debug.
2017-05-09 09:53:41.523 firefox-bin[1082:41952] CFPropertyListCreateFromXMLData(): Old-style plist parser: missing semicolon in dictionary on line 3. Parsing will be abandoned. Break on _CFPropertyListMissingSemicolon to debug.
2017-05-09 09:53:41.524 firefox-bin[1082:41952] CFPropertyListCreateFromXMLData(): Old-style plist parser: missing semicolon in dictionary on line 3. Parsing will be abandoned. Break on _CFPropertyListMissingSemicolon to debug.
2017-05-09 09:53:41.524 firefox-bin[1082:41952] CFPropertyListCreateFromXMLData(): Old-style plist parser: missing semicolon in dictionary on line 3. Parsing will be abandoned. Break on _CFPropertyListMissingSemicolon to debug.
1494345226131	Marionette	INFO	Listening on port 55766
1494345226364	Marionette	WARN	TLS certificate errors will be ignored for this session
2017-05-09 09:53:48.451 plugin-container[1084:42090] *** CFMessagePort: bootstrap_register(): failed 1100 (0x44c) 'Permission denied', port = 0x8f3f, name = 'com.apple.tsm.portname'
See /usr/include/servers/bootstrap_defs.h for the error codes.
2017-05-09 09:53:48.464 plugin-container[1084:42090] *** CFMessagePort: bootstrap_register(): failed 1100 (0x44c) 'Permission denied', port = 0x4c33, name = 'com.apple.CFPasteboardClient'
See /usr/include/servers/bootstrap_defs.h for the error codes.
2017-05-09 09:53:48.465 plugin-container[1084:42090] void __CFPasteboardSetup() : Failed to allocate communication port for com.apple.CFPasteboardClient; this is likely due to sandbox restrictions
JavaScript warning: http://ajax.googleapis.com/ajax/libs/jquery/1.10.2/jquery.min.js, line 1: Using //@ to indicate sourceMappingURL pragmas is deprecated. Use //# instead
JavaScript warning: http://www.wipo.int/branddb/scripts/branddb-required.5729.min.js, line 81: unreachable code after return statement
1494345298274	geckodriver	INFO	Listening on 127.0.0.1:56362
1494345299429	geckodriver::marionette	INFO	Starting browser /Applications/Firefox.app/Contents/MacOS/firefox-bin with args ["-marionette"]
2017-05-09 09:55:03.014 firefox-bin[1097:43607] CFPropertyListCreateFromXMLData(): Old-style plist parser: missing semicolon in dictionary on line 3. Parsing will be abandoned. Break on _CFPropertyListMissingSemicolon to debug.
2017-05-09 09:55:03.014 firefox-bin[1097:43607] CFPropertyListCreateFromXMLData(): Old-style plist parser: missing semicolon in dictionary on line 3. Parsing will be abandoned. Break on _CFPropertyListMissingSemicolon to debug.
2017-05-09 09:55:03.015 firefox-bin[1097:43607] CFPropertyListCreateFromXMLData(): Old-style plist parser: missing semicolon in dictionary on line 3. Parsing will be abandoned. Break on _CFPropertyListMissingSemicolon to debug.
2017-05-09 09:55:03.016 firefox-bin[1097:43607] CFPropertyListCreateFromXMLData(): Old-style plist parser: missing semicolon in dictionary on line 3. Parsing will be abandoned. Break on _CFPropertyListMissingSemicolon to debug.
2017-05-09 09:55:03.016 firefox-bin[1097:43607] CFPropertyListCreateFromXMLData(): Old-style plist parser: missing semicolon in dictionary on line 3. Parsing will be abandoned. Break on _CFPropertyListMissingSemicolon to debug.
1494345307380	Marionette	INFO	Listening on port 56373
1494345307604	Marionette	WARN	TLS certificate errors will be ignored for this session
2017-05-09 09:55:09.480 plugin-container[1099:43734] *** CFMessagePort: bootstrap_register(): failed 1100 (0x44c) 'Permission denied', port = 0x8e3f, name = 'com.apple.tsm.portname'
See /usr/include/servers/bootstrap_defs.h for the error codes.
2017-05-09 09:55:09.490 plugin-container[1099:43734] *** CFMessagePort: bootstrap_register(): failed 1100 (0x44c) 'Permission denied', port = 0x511b, name = 'com.apple.CFPasteboardClient'
See /usr/include/servers/bootstrap_defs.h for the error codes.
2017-05-09 09:55:09.490 plugin-container[1099:43734] void __CFPasteboardSetup() : Failed to allocate communication port for com.apple.CFPasteboardClient; this is likely due to sandbox restrictions
JavaScript warning: http://ajax.googleapis.com/ajax/libs/jquery/1.10.2/jquery.min.js, line 1: Using //@ to indicate sourceMappingURL pragmas is deprecated. Use //# instead
JavaScript warning: http://www.wipo.int/branddb/scripts/branddb-required.5729.min.js, line 81: unreachable code after return statement
1494345416987	geckodriver	INFO	Listening on 127.0.0.1:57138
1494345418220	geckodriver::marionette	INFO	Starting browser /Applications/Firefox.app/Contents/MacOS/firefox-bin with args ["-marionette"]
2017-05-09 09:57:02.192 firefox-bin[1119:45943] CFPropertyListCreateFromXMLData(): Old-style plist parser: missing semicolon in dictionary on line 3. Parsing will be abandoned. Break on _CFPropertyListMissingSemicolon to debug.
2017-05-09 09:57:02.193 firefox-bin[1119:45943] CFPropertyListCreateFromXMLData(): Old-style plist parser: missing semicolon in dictionary on line 3. Parsing will be abandoned. Break on _CFPropertyListMissingSemicolon to debug.
2017-05-09 09:57:02.194 firefox-bin[1119:45943] CFPropertyListCreateFromXMLData(): Old-style plist parser: missing semicolon in dictionary on line 3. Parsing will be abandoned. Break on _CFPropertyListMissingSemicolon to debug.
2017-05-09 09:57:02.194 firefox-bin[1119:45943] CFPropertyListCreateFromXMLData(): Old-style plist parser: missing semicolon in dictionary on line 3. Parsing will be abandoned. Break on _CFPropertyListMissingSemicolon to debug.
2017-05-09 09:57:02.195 firefox-bin[1119:45943] CFPropertyListCreateFromXMLData(): Old-style plist parser: missing semicolon in dictionary on line 3. Parsing will be abandoned. Break on _CFPropertyListMissingSemicolon to debug.
1494345427079	Marionette	INFO	Listening on port 57151
1494345427329	Marionette	WARN	TLS certificate errors will be ignored for this session
2017-05-09 09:57:09.401 plugin-container[1120:46072] *** CFMessagePort: bootstrap_register(): failed 1100 (0x44c) 'Permission denied', port = 0x8d3b, name = 'com.apple.tsm.portname'
See /usr/include/servers/bootstrap_defs.h for the error codes.
2017-05-09 09:57:09.411 plugin-container[1120:46072] *** CFMessagePort: bootstrap_register(): failed 1100 (0x44c) 'Permission denied', port = 0x5207, name = 'com.apple.CFPasteboardClient'
See /usr/include/servers/bootstrap_defs.h for the error codes.
2017-05-09 09:57:09.412 plugin-container[1120:46072] void __CFPasteboardSetup() : Failed to allocate communication port for com.apple.CFPasteboardClient; this is likely due to sandbox restrictions
JavaScript warning: http://ajax.googleapis.com/ajax/libs/jquery/1.10.2/jquery.min.js, line 1: Using //@ to indicate sourceMappingURL pragmas is deprecated. Use //# instead
JavaScript warning: http://www.wipo.int/branddb/scripts/branddb-required.5729.min.js, line 81: unreachable code after return statement
1494345748440	geckodriver	INFO	Listening on 127.0.0.1:57964
1494345749651	geckodriver::marionette	INFO	Starting browser /Applications/Firefox.app/Contents/MacOS/firefox-bin with args ["-marionette"]
2017-05-09 10:02:33.476 firefox-bin[1174:50556] CFPropertyListCreateFromXMLData(): Old-style plist parser: missing semicolon in dictionary on line 3. Parsing will be abandoned. Break on _CFPropertyListMissingSemicolon to debug.
2017-05-09 10:02:33.477 firefox-bin[1174:50556] CFPropertyListCreateFromXMLData(): Old-style plist parser: missing semicolon in dictionary on line 3. Parsing will be abandoned. Break on _CFPropertyListMissingSemicolon to debug.
2017-05-09 10:02:33.478 firefox-bin[1174:50556] CFPropertyListCreateFromXMLData(): Old-style plist parser: missing semicolon in dictionary on line 3. Parsing will be abandoned. Break on _CFPropertyListMissingSemicolon to debug.
2017-05-09 10:02:33.478 firefox-bin[1174:50556] CFPropertyListCreateFromXMLData(): Old-style plist parser: missing semicolon in dictionary on line 3. Parsing will be abandoned. Break on _CFPropertyListMissingSemicolon to debug.
2017-05-09 10:02:33.479 firefox-bin[1174:50556] CFPropertyListCreateFromXMLData(): Old-style plist parser: missing semicolon in dictionary on line 3. Parsing will be abandoned. Break on _CFPropertyListMissingSemicolon to debug.
1494345758071	Marionette	INFO	Listening on port 57980
1494345758311	Marionette	WARN	TLS certificate errors will be ignored for this session
2017-05-09 10:02:40.302 plugin-container[1176:50703] *** CFMessagePort: bootstrap_register(): failed 1100 (0x44c) 'Permission denied', port = 0x8f3f, name = 'com.apple.tsm.portname'
See /usr/include/servers/bootstrap_defs.h for the error codes.
2017-05-09 10:02:40.312 plugin-container[1176:50703] *** CFMessagePort: bootstrap_register(): failed 1100 (0x44c) 'Permission denied', port = 0x531f, name = 'com.apple.CFPasteboardClient'
See /usr/include/servers/bootstrap_defs.h for the error codes.
2017-05-09 10:02:40.313 plugin-container[1176:50703] void __CFPasteboardSetup() : Failed to allocate communication port for com.apple.CFPasteboardClient; this is likely due to sandbox restrictions
JavaScript warning: http://ajax.googleapis.com/ajax/libs/jquery/1.10.2/jquery.min.js, line 1: Using //@ to indicate sourceMappingURL pragmas is deprecated. Use //# instead
JavaScript warning: http://www.wipo.int/branddb/scripts/branddb-required.5729.min.js, line 81: unreachable code after return statement
1494345793674	geckodriver	INFO	Listening on 127.0.0.1:58476
1494345794852	geckodriver::marionette	INFO	Starting browser /Applications/Firefox.app/Contents/MacOS/firefox-bin with args ["-marionette"]
2017-05-09 10:03:18.310 firefox-bin[1185:51741] CFPropertyListCreateFromXMLData(): Old-style plist parser: missing semicolon in dictionary on line 3. Parsing will be abandoned. Break on _CFPropertyListMissingSemicolon to debug.
2017-05-09 10:03:18.310 firefox-bin[1185:51741] CFPropertyListCreateFromXMLData(): Old-style plist parser: missing semicolon in dictionary on line 3. Parsing will be abandoned. Break on _CFPropertyListMissingSemicolon to debug.
2017-05-09 10:03:18.311 firefox-bin[1185:51741] CFPropertyListCreateFromXMLData(): Old-style plist parser: missing semicolon in dictionary on line 3. Parsing will be abandoned. Break on _CFPropertyListMissingSemicolon to debug.
2017-05-09 10:03:18.312 firefox-bin[1185:51741] CFPropertyListCreateFromXMLData(): Old-style plist parser: missing semicolon in dictionary on line 3. Parsing will be abandoned. Break on _CFPropertyListMissingSemicolon to debug.
2017-05-09 10:03:18.313 firefox-bin[1185:51741] CFPropertyListCreateFromXMLData(): Old-style plist parser: missing semicolon in dictionary on line 3. Parsing will be abandoned. Break on _CFPropertyListMissingSemicolon to debug.
1494345802437	Marionette	INFO	Listening on port 58487
1494345802665	Marionette	WARN	TLS certificate errors will be ignored for this session
2017-05-09 10:03:24.371 plugin-container[1187:51863] *** CFMessagePort: bootstrap_register(): failed 1100 (0x44c) 'Permission denied', port = 0x8f3f, name = 'com.apple.tsm.portname'
See /usr/include/servers/bootstrap_defs.h for the error codes.
2017-05-09 10:03:24.373 plugin-container[1187:51863] *** CFMessagePort: bootstrap_register(): failed 1100 (0x44c) 'Permission denied', port = 0x911f, name = 'com.apple.CFPasteboardClient'
See /usr/include/servers/bootstrap_defs.h for the error codes.
2017-05-09 10:03:24.373 plugin-container[1187:51863] void __CFPasteboardSetup() : Failed to allocate communication port for com.apple.CFPasteboardClient; this is likely due to sandbox restrictions
JavaScript warning: http://ajax.googleapis.com/ajax/libs/jquery/1.10.2/jquery.min.js, line 1: Using //@ to indicate sourceMappingURL pragmas is deprecated. Use //# instead
JavaScript warning: http://www.wipo.int/branddb/scripts/branddb-required.5729.min.js, line 81: unreachable code after return statement
1494345901995	geckodriver	INFO	Listening on 127.0.0.1:59176
1494345903166	geckodriver::marionette	INFO	Starting browser /Applications/Firefox.app/Contents/MacOS/firefox-bin with args ["-marionette"]
2017-05-09 10:05:06.874 firefox-bin[1203:53370] CFPropertyListCreateFromXMLData(): Old-style plist parser: missing semicolon in dictionary on line 3. Parsing will be abandoned. Break on _CFPropertyListMissingSemicolon to debug.
2017-05-09 10:05:06.874 firefox-bin[1203:53370] CFPropertyListCreateFromXMLData(): Old-style plist parser: missing semicolon in dictionary on line 3. Parsing will be abandoned. Break on _CFPropertyListMissingSemicolon to debug.
2017-05-09 10:05:06.875 firefox-bin[1203:53370] CFPropertyListCreateFromXMLData(): Old-style plist parser: missing semicolon in dictionary on line 3. Parsing will be abandoned. Break on _CFPropertyListMissingSemicolon to debug.
2017-05-09 10:05:06.876 firefox-bin[1203:53370] CFPropertyListCreateFromXMLData(): Old-style plist parser: missing semicolon in dictionary on line 3. Parsing will be abandoned. Break on _CFPropertyListMissingSemicolon to debug.
2017-05-09 10:05:06.876 firefox-bin[1203:53370] CFPropertyListCreateFromXMLData(): Old-style plist parser: missing semicolon in dictionary on line 3. Parsing will be abandoned. Break on _CFPropertyListMissingSemicolon to debug.
1494345911719	Marionette	INFO	Listening on port 59187
1494345912023	Marionette	WARN	TLS certificate errors will be ignored for this session
2017-05-09 10:05:14.034 plugin-container[1204:53644] *** CFMessagePort: bootstrap_register(): failed 1100 (0x44c) 'Permission denied', port = 0x8e3f, name = 'com.apple.tsm.portname'
See /usr/include/servers/bootstrap_defs.h for the error codes.
2017-05-09 10:05:14.045 plugin-container[1204:53644] *** CFMessagePort: bootstrap_register(): failed 1100 (0x44c) 'Permission denied', port = 0x5107, name = 'com.apple.CFPasteboardClient'
See /usr/include/servers/bootstrap_defs.h for the error codes.
2017-05-09 10:05:14.045 plugin-container[1204:53644] void __CFPasteboardSetup() : Failed to allocate communication port for com.apple.CFPasteboardClient; this is likely due to sandbox restrictions
JavaScript warning: http://ajax.googleapis.com/ajax/libs/jquery/1.10.2/jquery.min.js, line 1: Using //@ to indicate sourceMappingURL pragmas is deprecated. Use //# instead
JavaScript warning: http://www.wipo.int/branddb/scripts/branddb-required.5729.min.js, line 81: unreachable code after return statement
1494345973336	geckodriver	INFO	Listening on 127.0.0.1:59739
1494345974567	geckodriver::marionette	INFO	Starting browser /Applications/Firefox.app/Contents/MacOS/firefox-bin with args ["-marionette"]
2017-05-09 10:06:17.912 firefox-bin[1218:55112] CFPropertyListCreateFromXMLData(): Old-style plist parser: missing semicolon in dictionary on line 3. Parsing will be abandoned. Break on _CFPropertyListMissingSemicolon to debug.
2017-05-09 10:06:17.913 firefox-bin[1218:55112] CFPropertyListCreateFromXMLData(): Old-style plist parser: missing semicolon in dictionary on line 3. Parsing will be abandoned. Break on _CFPropertyListMissingSemicolon to debug.
2017-05-09 10:06:17.914 firefox-bin[1218:55112] CFPropertyListCreateFromXMLData(): Old-style plist parser: missing semicolon in dictionary on line 3. Parsing will be abandoned. Break on _CFPropertyListMissingSemicolon to debug.
2017-05-09 10:06:17.915 firefox-bin[1218:55112] CFPropertyListCreateFromXMLData(): Old-style plist parser: missing semicolon in dictionary on line 3. Parsing will be abandoned. Break on _CFPropertyListMissingSemicolon to debug.
2017-05-09 10:06:17.915 firefox-bin[1218:55112] CFPropertyListCreateFromXMLData(): Old-style plist parser: missing semicolon in dictionary on line 3. Parsing will be abandoned. Break on _CFPropertyListMissingSemicolon to debug.
1494345983043	Marionette	INFO	Listening on port 59750
1494345983310	Marionette	WARN	TLS certificate errors will be ignored for this session
2017-05-09 10:06:25.335 plugin-container[1220:55256] *** CFMessagePort: bootstrap_register(): failed 1100 (0x44c) 'Permission denied', port = 0x8e3f, name = 'com.apple.tsm.portname'
See /usr/include/servers/bootstrap_defs.h for the error codes.
2017-05-09 10:06:25.347 plugin-container[1220:55256] *** CFMessagePort: bootstrap_register(): failed 1100 (0x44c) 'Permission denied', port = 0x4c0f, name = 'com.apple.CFPasteboardClient'
See /usr/include/servers/bootstrap_defs.h for the error codes.
2017-05-09 10:06:25.348 plugin-container[1220:55256] void __CFPasteboardSetup() : Failed to allocate communication port for com.apple.CFPasteboardClient; this is likely due to sandbox restrictions
JavaScript warning: http://ajax.googleapis.com/ajax/libs/jquery/1.10.2/jquery.min.js, line 1: Using //@ to indicate sourceMappingURL pragmas is deprecated. Use //# instead
JavaScript warning: http://www.wipo.int/branddb/scripts/branddb-required.5729.min.js, line 81: unreachable code after return statement
1494346163700	geckodriver	INFO	Listening on 127.0.0.1:60149
1494346164850	geckodriver::marionette	INFO	Starting browser /Applications/Firefox.app/Contents/MacOS/firefox-bin with args ["-marionette"]
2017-05-09 10:09:29.057 firefox-bin[1250:57880] CFPropertyListCreateFromXMLData(): Old-style plist parser: missing semicolon in dictionary on line 3. Parsing will be abandoned. Break on _CFPropertyListMissingSemicolon to debug.
2017-05-09 10:09:29.058 firefox-bin[1250:57880] CFPropertyListCreateFromXMLData(): Old-style plist parser: missing semicolon in dictionary on line 3. Parsing will be abandoned. Break on _CFPropertyListMissingSemicolon to debug.
2017-05-09 10:09:29.059 firefox-bin[1250:57880] CFPropertyListCreateFromXMLData(): Old-style plist parser: missing semicolon in dictionary on line 3. Parsing will be abandoned. Break on _CFPropertyListMissingSemicolon to debug.
2017-05-09 10:09:29.059 firefox-bin[1250:57880] CFPropertyListCreateFromXMLData(): Old-style plist parser: missing semicolon in dictionary on line 3. Parsing will be abandoned. Break on _CFPropertyListMissingSemicolon to debug.
2017-05-09 10:09:29.060 firefox-bin[1250:57880] CFPropertyListCreateFromXMLData(): Old-style plist parser: missing semicolon in dictionary on line 3. Parsing will be abandoned. Break on _CFPropertyListMissingSemicolon to debug.
1494346175200	Marionette	INFO	Listening on port 60157
1494346175632	Marionette	WARN	TLS certificate errors will be ignored for this session
2017-05-09 10:09:38.325 plugin-container[1251:58215] *** CFMessagePort: bootstrap_register(): failed 1100 (0x44c) 'Permission denied', port = 0x8f3b, name = 'com.apple.tsm.portname'
See /usr/include/servers/bootstrap_defs.h for the error codes.
2017-05-09 10:09:38.338 plugin-container[1251:58215] *** CFMessagePort: bootstrap_register(): failed 1100 (0x44c) 'Permission denied', port = 0x5417, name = 'com.apple.CFPasteboardClient'
See /usr/include/servers/bootstrap_defs.h for the error codes.
2017-05-09 10:09:38.338 plugin-container[1251:58215] void __CFPasteboardSetup() : Failed to allocate communication port for com.apple.CFPasteboardClient; this is likely due to sandbox restrictions
JavaScript warning: http://ajax.googleapis.com/ajax/libs/jquery/1.10.2/jquery.min.js, line 1: Using //@ to indicate sourceMappingURL pragmas is deprecated. Use //# instead
JavaScript warning: http://www.wipo.int/branddb/scripts/branddb-required.5729.min.js, line 81: unreachable code after return statement
1494346433843	geckodriver	INFO	Listening on 127.0.0.1:60608
1494346434978	geckodriver::marionette	INFO	Starting browser /Applications/Firefox.app/Contents/MacOS/firefox-bin with args ["-marionette"]
2017-05-09 10:13:58.545 firefox-bin[1284:62710] CFPropertyListCreateFromXMLData(): Old-style plist parser: missing semicolon in dictionary on line 3. Parsing will be abandoned. Break on _CFPropertyListMissingSemicolon to debug.
2017-05-09 10:13:58.545 firefox-bin[1284:62710] CFPropertyListCreateFromXMLData(): Old-style plist parser: missing semicolon in dictionary on line 3. Parsing will be abandoned. Break on _CFPropertyListMissingSemicolon to debug.
2017-05-09 10:13:58.546 firefox-bin[1284:62710] CFPropertyListCreateFromXMLData(): Old-style plist parser: missing semicolon in dictionary on line 3. Parsing will be abandoned. Break on _CFPropertyListMissingSemicolon to debug.
2017-05-09 10:13:58.547 firefox-bin[1284:62710] CFPropertyListCreateFromXMLData(): Old-style plist parser: missing semicolon in dictionary on line 3. Parsing will be abandoned. Break on _CFPropertyListMissingSemicolon to debug.
2017-05-09 10:13:58.548 firefox-bin[1284:62710] CFPropertyListCreateFromXMLData(): Old-style plist parser: missing semicolon in dictionary on line 3. Parsing will be abandoned. Break on _CFPropertyListMissingSemicolon to debug.
1494346443122	Marionette	INFO	Listening on port 60615
1494346443365	Marionette	WARN	TLS certificate errors will be ignored for this session
2017-05-09 10:14:05.229 plugin-container[1286:62833] *** CFMessagePort: bootstrap_register(): failed 1100 (0x44c) 'Permission denied', port = 0x8e3f, name = 'com.apple.tsm.portname'
See /usr/include/servers/bootstrap_defs.h for the error codes.
2017-05-09 10:14:05.240 plugin-container[1286:62833] *** CFMessagePort: bootstrap_register(): failed 1100 (0x44c) 'Permission denied', port = 0x901b, name = 'com.apple.CFPasteboardClient'
See /usr/include/servers/bootstrap_defs.h for the error codes.
2017-05-09 10:14:05.240 plugin-container[1286:62833] void __CFPasteboardSetup() : Failed to allocate communication port for com.apple.CFPasteboardClient; this is likely due to sandbox restrictions
JavaScript warning: http://ajax.googleapis.com/ajax/libs/jquery/1.10.2/jquery.min.js, line 1: Using //@ to indicate sourceMappingURL pragmas is deprecated. Use //# instead
JavaScript warning: http://www.wipo.int/branddb/scripts/branddb-required.5729.min.js, line 81: unreachable code after return statement
1494346497361	geckodriver	INFO	Listening on 127.0.0.1:60949
1494346498514	geckodriver::marionette	INFO	Starting browser /Applications/Firefox.app/Contents/MacOS/firefox-bin with args ["-marionette"]
2017-05-09 10:15:02.882 firefox-bin[1297:63860] CFPropertyListCreateFromXMLData(): Old-style plist parser: missing semicolon in dictionary on line 3. Parsing will be abandoned. Break on _CFPropertyListMissingSemicolon to debug.
2017-05-09 10:15:02.888 firefox-bin[1297:63860] CFPropertyListCreateFromXMLData(): Old-style plist parser: missing semicolon in dictionary on line 3. Parsing will be abandoned. Break on _CFPropertyListMissingSemicolon to debug.
2017-05-09 10:15:02.891 firefox-bin[1297:63860] CFPropertyListCreateFromXMLData(): Old-style plist parser: missing semicolon in dictionary on line 3. Parsing will be abandoned. Break on _CFPropertyListMissingSemicolon to debug.
2017-05-09 10:15:02.892 firefox-bin[1297:63860] CFPropertyListCreateFromXMLData(): Old-style plist parser: missing semicolon in dictionary on line 3. Parsing will be abandoned. Break on _CFPropertyListMissingSemicolon to debug.
2017-05-09 10:15:02.893 firefox-bin[1297:63860] CFPropertyListCreateFromXMLData(): Old-style plist parser: missing semicolon in dictionary on line 3. Parsing will be abandoned. Break on _CFPropertyListMissingSemicolon to debug.
1494346508348	Marionette	INFO	Listening on port 60957
1494346508580	Marionette	WARN	TLS certificate errors will be ignored for this session
2017-05-09 10:15:10.815 plugin-container[1298:64023] *** CFMessagePort: bootstrap_register(): failed 1100 (0x44c) 'Permission denied', port = 0x903f, name = 'com.apple.tsm.portname'
See /usr/include/servers/bootstrap_defs.h for the error codes.
2017-05-09 10:15:10.826 plugin-container[1298:64023] *** CFMessagePort: bootstrap_register(): failed 1100 (0x44c) 'Permission denied', port = 0x541b, name = 'com.apple.CFPasteboardClient'
See /usr/include/servers/bootstrap_defs.h for the error codes.
2017-05-09 10:15:10.826 plugin-container[1298:64023] void __CFPasteboardSetup() : Failed to allocate communication port for com.apple.CFPasteboardClient; this is likely due to sandbox restrictions
JavaScript warning: http://ajax.googleapis.com/ajax/libs/jquery/1.10.2/jquery.min.js, line 1: Using //@ to indicate sourceMappingURL pragmas is deprecated. Use //# instead
JavaScript warning: http://www.wipo.int/branddb/scripts/branddb-required.5729.min.js, line 81: unreachable code after return statement
*************************
A coding exception was thrown and uncaught in a Task.

Full message: TypeError: NetworkError when attempting to fetch resource.
Full stack: 
*************************
1494347715124	geckodriver	INFO	Listening on 127.0.0.1:62359
1494347716323	geckodriver::marionette	INFO	Starting browser /Applications/Firefox.app/Contents/MacOS/firefox-bin with args ["-marionette"]
2017-05-09 10:35:20.277 firefox-bin[1462:81086] CFPropertyListCreateFromXMLData(): Old-style plist parser: missing semicolon in dictionary on line 3. Parsing will be abandoned. Break on _CFPropertyListMissingSemicolon to debug.
2017-05-09 10:35:20.277 firefox-bin[1462:81086] CFPropertyListCreateFromXMLData(): Old-style plist parser: missing semicolon in dictionary on line 3. Parsing will be abandoned. Break on _CFPropertyListMissingSemicolon to debug.
2017-05-09 10:35:20.278 firefox-bin[1462:81086] CFPropertyListCreateFromXMLData(): Old-style plist parser: missing semicolon in dictionary on line 3. Parsing will be abandoned. Break on _CFPropertyListMissingSemicolon to debug.
2017-05-09 10:35:20.278 firefox-bin[1462:81086] CFPropertyListCreateFromXMLData(): Old-style plist parser: missing semicolon in dictionary on line 3. Parsing will be abandoned. Break on _CFPropertyListMissingSemicolon to debug.
2017-05-09 10:35:20.279 firefox-bin[1462:81086] CFPropertyListCreateFromXMLData(): Old-style plist parser: missing semicolon in dictionary on line 3. Parsing will be abandoned. Break on _CFPropertyListMissingSemicolon to debug.
1494347724722	Marionette	INFO	Listening on port 62371
1494347724946	Marionette	WARN	TLS certificate errors will be ignored for this session
2017-05-09 10:35:26.941 plugin-container[1463:81205] *** CFMessagePort: bootstrap_register(): failed 1100 (0x44c) 'Permission denied', port = 0x8d3f, name = 'com.apple.tsm.portname'
See /usr/include/servers/bootstrap_defs.h for the error codes.
2017-05-09 10:35:26.954 plugin-container[1463:81205] *** CFMessagePort: bootstrap_register(): failed 1100 (0x44c) 'Permission denied', port = 0x8e17, name = 'com.apple.CFPasteboardClient'
See /usr/include/servers/bootstrap_defs.h for the error codes.
2017-05-09 10:35:26.954 plugin-container[1463:81205] void __CFPasteboardSetup() : Failed to allocate communication port for com.apple.CFPasteboardClient; this is likely due to sandbox restrictions
JavaScript warning: http://ajax.googleapis.com/ajax/libs/jquery/1.10.2/jquery.min.js, line 1: Using //@ to indicate sourceMappingURL pragmas is deprecated. Use //# instead
JavaScript warning: http://www.wipo.int/branddb/scripts/branddb-required.5729.min.js, line 81: unreachable code after return statement
1494347813348	geckodriver	INFO	Listening on 127.0.0.1:63037
1494347814489	geckodriver::marionette	INFO	Starting browser /Applications/Firefox.app/Contents/MacOS/firefox-bin with args ["-marionette"]
2017-05-09 10:36:58.427 firefox-bin[1478:82344] CFPropertyListCreateFromXMLData(): Old-style plist parser: missing semicolon in dictionary on line 3. Parsing will be abandoned. Break on _CFPropertyListMissingSemicolon to debug.
2017-05-09 10:36:58.428 firefox-bin[1478:82344] CFPropertyListCreateFromXMLData(): Old-style plist parser: missing semicolon in dictionary on line 3. Parsing will be abandoned. Break on _CFPropertyListMissingSemicolon to debug.
2017-05-09 10:36:58.429 firefox-bin[1478:82344] CFPropertyListCreateFromXMLData(): Old-style plist parser: missing semicolon in dictionary on line 3. Parsing will be abandoned. Break on _CFPropertyListMissingSemicolon to debug.
2017-05-09 10:36:58.429 firefox-bin[1478:82344] CFPropertyListCreateFromXMLData(): Old-style plist parser: missing semicolon in dictionary on line 3. Parsing will be abandoned. Break on _CFPropertyListMissingSemicolon to debug.
2017-05-09 10:36:58.430 firefox-bin[1478:82344] CFPropertyListCreateFromXMLData(): Old-style plist parser: missing semicolon in dictionary on line 3. Parsing will be abandoned. Break on _CFPropertyListMissingSemicolon to debug.
1494347822840	Marionette	INFO	Listening on port 63048
1494347823072	Marionette	WARN	TLS certificate errors will be ignored for this session
2017-05-09 10:37:04.906 plugin-container[1479:82520] *** CFMessagePort: bootstrap_register(): failed 1100 (0x44c) 'Permission denied', port = 0x903f, name = 'com.apple.tsm.portname'
See /usr/include/servers/bootstrap_defs.h for the error codes.
2017-05-09 10:37:04.917 plugin-container[1479:82520] *** CFMessagePort: bootstrap_register(): failed 1100 (0x44c) 'Permission denied', port = 0x9223, name = 'com.apple.CFPasteboardClient'
See /usr/include/servers/bootstrap_defs.h for the error codes.
2017-05-09 10:37:04.917 plugin-container[1479:82520] void __CFPasteboardSetup() : Failed to allocate communication port for com.apple.CFPasteboardClient; this is likely due to sandbox restrictions
JavaScript warning: http://ajax.googleapis.com/ajax/libs/jquery/1.10.2/jquery.min.js, line 1: Using //@ to indicate sourceMappingURL pragmas is deprecated. Use //# instead
JavaScript warning: http://www.wipo.int/branddb/scripts/branddb-required.5729.min.js, line 81: unreachable code after return statement
1494347983592	geckodriver	INFO	Listening on 127.0.0.1:63913
1494347984745	geckodriver::marionette	INFO	Starting browser /Applications/Firefox.app/Contents/MacOS/firefox-bin with args ["-marionette"]
2017-05-09 10:39:48.588 firefox-bin[1501:83630] CFPropertyListCreateFromXMLData(): Old-style plist parser: missing semicolon in dictionary on line 3. Parsing will be abandoned. Break on _CFPropertyListMissingSemicolon to debug.
2017-05-09 10:39:48.589 firefox-bin[1501:83630] CFPropertyListCreateFromXMLData(): Old-style plist parser: missing semicolon in dictionary on line 3. Parsing will be abandoned. Break on _CFPropertyListMissingSemicolon to debug.
2017-05-09 10:39:48.590 firefox-bin[1501:83630] CFPropertyListCreateFromXMLData(): Old-style plist parser: missing semicolon in dictionary on line 3. Parsing will be abandoned. Break on _CFPropertyListMissingSemicolon to debug.
2017-05-09 10:39:48.590 firefox-bin[1501:83630] CFPropertyListCreateFromXMLData(): Old-style plist parser: missing semicolon in dictionary on line 3. Parsing will be abandoned. Break on _CFPropertyListMissingSemicolon to debug.
2017-05-09 10:39:48.591 firefox-bin[1501:83630] CFPropertyListCreateFromXMLData(): Old-style plist parser: missing semicolon in dictionary on line 3. Parsing will be abandoned. Break on _CFPropertyListMissingSemicolon to debug.
1494347992813	Marionette	INFO	Listening on port 63928
1494347993045	Marionette	WARN	TLS certificate errors will be ignored for this session
2017-05-09 10:39:54.806 plugin-container[1503:83753] *** CFMessagePort: bootstrap_register(): failed 1100 (0x44c) 'Permission denied', port = 0x903f, name = 'com.apple.tsm.portname'
See /usr/include/servers/bootstrap_defs.h for the error codes.
2017-05-09 10:39:54.815 plugin-container[1503:83753] *** CFMessagePort: bootstrap_register(): failed 1100 (0x44c) 'Permission denied', port = 0x9223, name = 'com.apple.CFPasteboardClient'
See /usr/include/servers/bootstrap_defs.h for the error codes.
2017-05-09 10:39:54.816 plugin-container[1503:83753] void __CFPasteboardSetup() : Failed to allocate communication port for com.apple.CFPasteboardClient; this is likely due to sandbox restrictions
JavaScript warning: http://ajax.googleapis.com/ajax/libs/jquery/1.10.2/jquery.min.js, line 1: Using //@ to indicate sourceMappingURL pragmas is deprecated. Use //# instead
JavaScript warning: http://www.wipo.int/branddb/scripts/branddb-required.5729.min.js, line 81: unreachable code after return statement
1494348737345	geckodriver	INFO	Listening on 127.0.0.1:51275
1494348738392	geckodriver::marionette	INFO	Starting browser /Applications/Firefox.app/Contents/MacOS/firefox-bin with args ["-marionette"]
2017-05-09 10:52:24.276 firefox-bin[1605:96937] CFPropertyListCreateFromXMLData(): Old-style plist parser: missing semicolon in dictionary on line 3. Parsing will be abandoned. Break on _CFPropertyListMissingSemicolon to debug.
2017-05-09 10:52:24.276 firefox-bin[1605:96937] CFPropertyListCreateFromXMLData(): Old-style plist parser: missing semicolon in dictionary on line 3. Parsing will be abandoned. Break on _CFPropertyListMissingSemicolon to debug.
2017-05-09 10:52:24.277 firefox-bin[1605:96937] CFPropertyListCreateFromXMLData(): Old-style plist parser: missing semicolon in dictionary on line 3. Parsing will be abandoned. Break on _CFPropertyListMissingSemicolon to debug.
2017-05-09 10:52:24.278 firefox-bin[1605:96937] CFPropertyListCreateFromXMLData(): Old-style plist parser: missing semicolon in dictionary on line 3. Parsing will be abandoned. Break on _CFPropertyListMissingSemicolon to debug.
2017-05-09 10:52:24.279 firefox-bin[1605:96937] CFPropertyListCreateFromXMLData(): Old-style plist parser: missing semicolon in dictionary on line 3. Parsing will be abandoned. Break on _CFPropertyListMissingSemicolon to debug.
JavaScript error: resource://app/modules/BrowserUsageTelemetry.jsm, line 303: NS_ERROR_FAILURE: Component returned failure code: 0x80004005 (NS_ERROR_FAILURE) [nsIObserverService.removeObserver]
1494348811662	geckodriver	INFO	Listening on 127.0.0.1:53409
1494348812811	geckodriver::marionette	INFO	Starting browser /Applications/Firefox.app/Contents/MacOS/firefox-bin with args ["-marionette"]
2017-05-09 10:53:36.722 firefox-bin[1623:98000] CFPropertyListCreateFromXMLData(): Old-style plist parser: missing semicolon in dictionary on line 3. Parsing will be abandoned. Break on _CFPropertyListMissingSemicolon to debug.
2017-05-09 10:53:36.723 firefox-bin[1623:98000] CFPropertyListCreateFromXMLData(): Old-style plist parser: missing semicolon in dictionary on line 3. Parsing will be abandoned. Break on _CFPropertyListMissingSemicolon to debug.
2017-05-09 10:53:36.724 firefox-bin[1623:98000] CFPropertyListCreateFromXMLData(): Old-style plist parser: missing semicolon in dictionary on line 3. Parsing will be abandoned. Break on _CFPropertyListMissingSemicolon to debug.
2017-05-09 10:53:36.725 firefox-bin[1623:98000] CFPropertyListCreateFromXMLData(): Old-style plist parser: missing semicolon in dictionary on line 3. Parsing will be abandoned. Break on _CFPropertyListMissingSemicolon to debug.
2017-05-09 10:53:36.725 firefox-bin[1623:98000] CFPropertyListCreateFromXMLData(): Old-style plist parser: missing semicolon in dictionary on line 3. Parsing will be abandoned. Break on _CFPropertyListMissingSemicolon to debug.
1494348821995	Marionette	INFO	Listening on port 53420
1494348822283	Marionette	WARN	TLS certificate errors will be ignored for this session
2017-05-09 10:53:44.423 plugin-container[1625:98115] *** CFMessagePort: bootstrap_register(): failed 1100 (0x44c) 'Permission denied', port = 0x8f3f, name = 'com.apple.tsm.portname'
See /usr/include/servers/bootstrap_defs.h for the error codes.
2017-05-09 10:53:44.435 plugin-container[1625:98115] *** CFMessagePort: bootstrap_register(): failed 1100 (0x44c) 'Permission denied', port = 0x911f, name = 'com.apple.CFPasteboardClient'
See /usr/include/servers/bootstrap_defs.h for the error codes.
2017-05-09 10:53:44.435 plugin-container[1625:98115] void __CFPasteboardSetup() : Failed to allocate communication port for com.apple.CFPasteboardClient; this is likely due to sandbox restrictions
JavaScript warning: http://ajax.googleapis.com/ajax/libs/jquery/1.10.2/jquery.min.js, line 1: Using //@ to indicate sourceMappingURL pragmas is deprecated. Use //# instead
JavaScript warning: http://www.wipo.int/branddb/scripts/branddb-required.5729.min.js, line 81: unreachable code after return statement
1494349064293	geckodriver	INFO	Listening on 127.0.0.1:54613
1494349065439	geckodriver::marionette	INFO	Starting browser /Applications/Firefox.app/Contents/MacOS/firefox-bin with args ["-marionette"]
2017-05-09 10:57:49.503 firefox-bin[1653:99874] CFPropertyListCreateFromXMLData(): Old-style plist parser: missing semicolon in dictionary on line 3. Parsing will be abandoned. Break on _CFPropertyListMissingSemicolon to debug.
2017-05-09 10:57:49.503 firefox-bin[1653:99874] CFPropertyListCreateFromXMLData(): Old-style plist parser: missing semicolon in dictionary on line 3. Parsing will be abandoned. Break on _CFPropertyListMissingSemicolon to debug.
2017-05-09 10:57:49.504 firefox-bin[1653:99874] CFPropertyListCreateFromXMLData(): Old-style plist parser: missing semicolon in dictionary on line 3. Parsing will be abandoned. Break on _CFPropertyListMissingSemicolon to debug.
2017-05-09 10:57:49.504 firefox-bin[1653:99874] CFPropertyListCreateFromXMLData(): Old-style plist parser: missing semicolon in dictionary on line 3. Parsing will be abandoned. Break on _CFPropertyListMissingSemicolon to debug.
2017-05-09 10:57:49.505 firefox-bin[1653:99874] CFPropertyListCreateFromXMLData(): Old-style plist parser: missing semicolon in dictionary on line 3. Parsing will be abandoned. Break on _CFPropertyListMissingSemicolon to debug.
1494349074323	Marionette	INFO	Listening on port 54625
1494349074610	Marionette	WARN	TLS certificate errors will be ignored for this session
2017-05-09 10:57:56.640 plugin-container[1655:100009] *** CFMessagePort: bootstrap_register(): failed 1100 (0x44c) 'Permission denied', port = 0x903f, name = 'com.apple.tsm.portname'
See /usr/include/servers/bootstrap_defs.h for the error codes.
2017-05-09 10:57:56.652 plugin-container[1655:100009] *** CFMessagePort: bootstrap_register(): failed 1100 (0x44c) 'Permission denied', port = 0x920f, name = 'com.apple.CFPasteboardClient'
See /usr/include/servers/bootstrap_defs.h for the error codes.
2017-05-09 10:57:56.652 plugin-container[1655:100009] void __CFPasteboardSetup() : Failed to allocate communication port for com.apple.CFPasteboardClient; this is likely due to sandbox restrictions
JavaScript warning: http://ajax.googleapis.com/ajax/libs/jquery/1.10.2/jquery.min.js, line 1: Using //@ to indicate sourceMappingURL pragmas is deprecated. Use //# instead
JavaScript warning: http://www.wipo.int/branddb/scripts/branddb-required.5729.min.js, line 81: unreachable code after return statement
1494349287434	geckodriver	INFO	Listening on 127.0.0.1:55757
1494349288571	geckodriver::marionette	INFO	Starting browser /Applications/Firefox.app/Contents/MacOS/firefox-bin with args ["-marionette"]
2017-05-09 11:01:32.278 firefox-bin[1684:102204] CFPropertyListCreateFromXMLData(): Old-style plist parser: missing semicolon in dictionary on line 3. Parsing will be abandoned. Break on _CFPropertyListMissingSemicolon to debug.
2017-05-09 11:01:32.279 firefox-bin[1684:102204] CFPropertyListCreateFromXMLData(): Old-style plist parser: missing semicolon in dictionary on line 3. Parsing will be abandoned. Break on _CFPropertyListMissingSemicolon to debug.
2017-05-09 11:01:32.280 firefox-bin[1684:102204] CFPropertyListCreateFromXMLData(): Old-style plist parser: missing semicolon in dictionary on line 3. Parsing will be abandoned. Break on _CFPropertyListMissingSemicolon to debug.
2017-05-09 11:01:32.281 firefox-bin[1684:102204] CFPropertyListCreateFromXMLData(): Old-style plist parser: missing semicolon in dictionary on line 3. Parsing will be abandoned. Break on _CFPropertyListMissingSemicolon to debug.
2017-05-09 11:01:32.281 firefox-bin[1684:102204] CFPropertyListCreateFromXMLData(): Old-style plist parser: missing semicolon in dictionary on line 3. Parsing will be abandoned. Break on _CFPropertyListMissingSemicolon to debug.
1494349296757	Marionette	INFO	Listening on port 55764
1494349296977	Marionette	WARN	TLS certificate errors will be ignored for this session
2017-05-09 11:01:38.966 plugin-container[1686:102320] *** CFMessagePort: bootstrap_register(): failed 1100 (0x44c) 'Permission denied', port = 0x8e3f, name = 'com.apple.tsm.portname'
See /usr/include/servers/bootstrap_defs.h for the error codes.
2017-05-09 11:01:38.979 plugin-container[1686:102320] *** CFMessagePort: bootstrap_register(): failed 1100 (0x44c) 'Permission denied', port = 0x9213, name = 'com.apple.CFPasteboardClient'
See /usr/include/servers/bootstrap_defs.h for the error codes.
2017-05-09 11:01:38.979 plugin-container[1686:102320] void __CFPasteboardSetup() : Failed to allocate communication port for com.apple.CFPasteboardClient; this is likely due to sandbox restrictions
JavaScript warning: http://ajax.googleapis.com/ajax/libs/jquery/1.10.2/jquery.min.js, line 1: Using //@ to indicate sourceMappingURL pragmas is deprecated. Use //# instead
JavaScript warning: http://www.wipo.int/branddb/scripts/branddb-required.5729.min.js, line 81: unreachable code after return statement
*************************
A coding exception was thrown and uncaught in a Task.

Full message: TypeError: NetworkError when attempting to fetch resource.
Full stack: 
*************************
2017-05-09 17:56:39.064 geckodriver[1683:356006] Metadata.framework [Error]: server port invalidated for uid 501
2017-05-09 17:56:39.068 geckodriver[1460:355940] Metadata.framework [Error]: server port invalidated for uid 501
2017-05-09 17:56:39.070 geckodriver[877:355975] Metadata.framework [Error]: server port invalidated for uid 501
2017-05-09 17:56:39.070 geckodriver[1652:356035] Metadata.framework [Error]: server port invalidated for uid 501
2017-05-09 17:56:39.070 geckodriver[1283:355955] Metadata.framework [Error]: server port invalidated for uid 501
2017-05-09 17:56:39.058 geckodriver[1500:355993] Metadata.framework [Error]: server port invalidated for uid 501
2017-05-09 17:56:39.078 geckodriver[1477:356024] Metadata.framework [Error]: server port invalidated for uid 501
2017-05-09 17:56:39.079 geckodriver[1622:355972] Metadata.framework [Error]: server port invalidated for uid 501
2017-05-09 17:56:39.105 geckodriver[1652:356033] Metadata.framework [Error]: client check-in failed: (-308) (ipc/mig) server died
2017-05-09 17:56:39.104 geckodriver[1460:356047] Metadata.framework [Error]: client check-in failed: (-308) (ipc/mig) server died
2017-05-09 17:56:39.105 geckodriver[877:355975] Metadata.framework [Error]: client check-in failed: (-308) (ipc/mig) server died
2017-05-09 17:56:39.105 geckodriver[1683:356007] Metadata.framework [Error]: client check-in failed: (-308) (ipc/mig) server died
2017-05-09 17:56:39.105 geckodriver[1500:355990] Metadata.framework [Error]: client check-in failed: (-308) (ipc/mig) server died
2017-05-09 17:56:39.105 geckodriver[1477:356024] Metadata.framework [Error]: client check-in failed: (-308) (ipc/mig) server died
2017-05-09 17:56:39.106 geckodriver[1622:355961] Metadata.framework [Error]: client check-in failed: (-308) (ipc/mig) server died
2017-05-09 17:56:39.106 geckodriver[1283:355955] Metadata.framework [Error]: client check-in failed: (-308) (ipc/mig) server died
2017-05-09 17:56:39.114 geckodriver[1652:356042] Metadata.framework [Error]: couldn't get the client port
2017-05-09 17:56:39.114 geckodriver[1460:355938] Metadata.framework [Error]: couldn't get the client port
2017-05-09 17:56:39.114 geckodriver[877:355976] Metadata.framework [Error]: couldn't get the client port
2017-05-09 17:56:39.115 geckodriver[1683:356055] Metadata.framework [Error]: couldn't get the client port
2017-05-09 17:56:39.116 geckodriver[1500:355993] Metadata.framework [Error]: couldn't get the client port
2017-05-09 17:56:39.117 geckodriver[1477:356028] Metadata.framework [Error]: couldn't get the client port
2017-05-09 17:56:39.117 geckodriver[1622:355960] Metadata.framework [Error]: couldn't get the client port
2017-05-09 17:56:39.117 geckodriver[1283:355958] Metadata.framework [Error]: couldn't get the client port
